c:\facultate\garlic\furculita\gartic_client\client\client\x64\debug\gartic.obj
c:\facultate\garlic\furculita\gartic_client\client\client\x64\debug\main.obj
c:\facultate\garlic\furculita\gartic_client\client\client\x64\debug\vc143.pdb
c:\facultate\garlic\furculita\gartic_client\client\client\x64\debug\qrc_gartic.obj
c:\facultate\garlic\furculita\gartic_client\client\client\x64\debug\moc_gartic.obj
c:\facultate\garlic\furculita\gartic_client\client\client\x64\debug\uic\ui_gartic.h
c:\facultate\garlic\furculita\gartic_client\client\client\x64\debug\rcc\qrc_gartic.cpp
c:\facultate\garlic\furculita\gartic_client\client\client\x64\debug\moc\moc_gartic.cpp
c:\facultate\garlic\furculita\gartic_client\client\x64\debug\client.pdb
c:\facultate\garlic\furculita\gartic_client\client\client\x64\debug\client.tlog\cl.14160.write.1.tlog
c:\facultate\garlic\furculita\gartic_client\client\client\x64\debug\client.tlog\cl.command.1.tlog
c:\facultate\garlic\furculita\gartic_client\client\client\x64\debug\client.tlog\cl.read.1.tlog
c:\facultate\garlic\furculita\gartic_client\client\client\x64\debug\client.tlog\client.write.1u.tlog
c:\facultate\garlic\furculita\gartic_client\client\client\x64\debug\client.tlog\link-cvtres.read.1.tlog
c:\facultate\garlic\furculita\gartic_client\client\client\x64\debug\client.tlog\link-cvtres.write.1.tlog
c:\facultate\garlic\furculita\gartic_client\client\client\x64\debug\client.tlog\link-rc.read.1.tlog
c:\facultate\garlic\furculita\gartic_client\client\client\x64\debug\client.tlog\link-rc.write.1.tlog
c:\facultate\garlic\furculita\gartic_client\client\client\x64\debug\client.tlog\link.command.1.tlog
c:\facultate\garlic\furculita\gartic_client\client\client\x64\debug\client.tlog\link.read.1.tlog
c:\facultate\garlic\furculita\gartic_client\client\client\x64\debug\client.tlog\link.read.2.tlog
c:\facultate\garlic\furculita\gartic_client\client\client\x64\debug\client.tlog\link.write.1.tlog
c:\facultate\garlic\furculita\gartic_client\client\client\x64\debug\client.tlog\moc.read.1u.tlog
c:\facultate\garlic\furculita\gartic_client\client\client\x64\debug\client.tlog\moc.write.1u.tlog
c:\facultate\garlic\furculita\gartic_client\client\client\x64\debug\client.tlog\rcc.read.1u.tlog
c:\facultate\garlic\furculita\gartic_client\client\client\x64\debug\client.tlog\rcc.write.1u.tlog
c:\facultate\garlic\furculita\gartic_client\client\client\x64\debug\client.tlog\uic.read.1u.tlog
c:\facultate\garlic\furculita\gartic_client\client\client\x64\debug\client.tlog\uic.write.1u.tlog
